[sync-debug] upsert_settings incoming {'user_id': 3, 'key': 'tts_enabled_user_3', 'value': '0', 'updated_at': 'ms=1775427555681 | ist=2026-04-06 03:49:15.681000+05:30', 'client_device': 'eshu_s22 (device_eshu_s22)'}
[sync-debug] upsert_settings stored row {'user_id': 3, 'key': 'tts_enabled_user_3', 'value': '0', 'updated_at': 'ms=1775427555681 | ist=2026-04-06 03:49:15.681000+05:30', 'sync_version': 1, 'client_device': 'eshu_s22 (device_eshu_s22)'}
[sync-debug] upsert_settings incoming {'user_id': 3, 'key': 'tts_enabled_user_3', 'value': '0', 'updated_at': 'ms=1775427555681 | ist=2026-04-06 03:49:15.681000+05:30', 'client_device': 'eshu_s22 (device_eshu_s22)'}
[sync-debug] upsert_settings skipped older row {'user_id': 3, 'key': 'tts_enabled_user_3', 'incoming_updated_at': 'ms=1775427555681 | ist=2026-04-06 03:49:15.681000+05:30', 'existing_updated_at': 'ms=1775427555681 | ist=2026-04-06 03:49:15.681000+05:30', 'client_device': 'eshu_s22 (device_eshu_s22)'}
[sync-debug] upsert_settings incoming {'user_id': 3, 'key': 'tts_enabled_user_3', 'value': '0', 'updated_at': 'ms=1775427555681 | ist=2026-04-06 03:49:15.681000+05:30', 'client_device': 'eshu_s22 (device_eshu_s22)'}
[sync-debug] upsert_settings skipped older row {'user_id': 3, 'key': 'tts_enabled_user_3', 'incoming_updated_at': 'ms=1775427555681 | ist=2026-04-06 03:49:15.681000+05:30', 'existing_updated_at': 'ms=1775427555681 | ist=2026-04-06 03:49:15.681000+05:30', 'client_device': 'eshu_s22 (device_eshu_s22)'}
[sync-debug] upsert_settings incoming {'user_id': 3, 'key': 'tts_enabled_user_3', 'value': '1', 'updated_at': 'ms=1775427601560 | ist=2026-04-06 03:50:01.560000+05:30', 'client_device': 'eshu_s22 (device_eshu_s22)'}
[sync-debug] upsert_settings stored row {'user_id': 3, 'key': 'tts_enabled_user_3', 'value': '1', 'updated_at': 'ms=1775427601560 | ist=2026-04-06 03:50:01.560000+05:30', 'sync_version': 1, 'client_device': 'eshu_s22 (device_eshu_s22)'}
[sync-debug] upsert_settings incoming {'user_id': 3, 'key': 'tts_enabled_user_3', 'value': '1', 'updated_at': 'ms=1775427601560 | ist=2026-04-06 03:50:01.560000+05:30', 'client_device': 'eshu_s22 (device_eshu_s22)'}
[sync-debug] upsert_settings skipped older row {'user_id': 3, 'key': 'tts_enabled_user_3', 'incoming_updated_at': 'ms=1775427601560 | ist=2026-04-06 03:50:01.560000+05:30', 'existing_updated_at': 'ms=1775427601560 | ist=2026-04-06 03:50:01.560000+05:30', 'client_device': 'eshu_s22 (device_eshu_s22)'}
[sync-debug] upsert_settings incoming {'user_id': 3, 'key': 'tts_enabled_user_3', 'value': '1', 'updated_at': 'ms=1775427601560 | ist=2026-04-06 03:50:01.560000+05:30', 'client_device': 'eshu_s22 (device_eshu_s22)'}
[sync-debug] upsert_settings skipped older row {'user_id': 3, 'key': 'tts_enabled_user_3', 'incoming_updated_at': 'ms=1775427601560 | ist=2026-04-06 03:50:01.560000+05:30', 'existing_updated_at': 'ms=1775427601560 | ist=2026-04-06 03:50:01.560000+05:30', 'client_device': 'eshu_s22 (device_eshu_s22)'}
[sync-debug] upsert_settings incoming {'user_id': 3, 'key': 'tts_enabled_user_3', 'value': '1', 'updated_at': 'ms=1775424497147 | ist=2026-04-06 02:58:17.147000+05:30', 'client_device': 'eshu_tablet (device_eshu_tablet)'}
[sync-debug] upsert_settings skipped older row {'user_id': 3, 'key': 'tts_enabled_user_3', 'incoming_updated_at': 'ms=1775424497147 | ist=2026-04-06 02:58:17.147000+05:30', 'existing_updated_at': 'ms=1775427601560 | ist=2026-04-06 03:50:01.560000+05:30', 'client_device': 'eshu_tablet (device_eshu_tablet)'}
[sync-debug] upsert_settings incoming {'user_id': 3, 'key': 'tts_enabled_user_3', 'value': '1', 'updated_at': 'ms=1775427601560 | ist=2026-04-06 03:50:01.560000+05:30', 'client_device': 'eshu_s22 (device_eshu_s22)'}
[sync-debug] upsert_settings skipped older row {'user_id': 3, 'key': 'tts_enabled_user_3', 'incoming_updated_at': 'ms=1775427601560 | ist=2026-04-06 03:50:01.560000+05:30', 'existing_updated_at': 'ms=1775427601560 | ist=2026-04-06 03:50:01.560000+05:30', 'client_device': 'eshu_s22 (device_eshu_s22)'}
[sync-debug] upsert_settings incoming {'user_id': 3, 'key': 'tts_enabled_user_3', 'value': '1', 'updated_at': 'ms=1775427601560 | ist=2026-04-06 03:50:01.560000+05:30', 'client_device': 'eshu_s22 (device_eshu_s22)'}
[sync-debug] upsert_settings skipped older row {'user_id': 3, 'key': 'tts_enabled_user_3', 'incoming_updated_at': 'ms=1775427601560 | ist=2026-04-06 03:50:01.560000+05:30', 'existing_updated_at': 'ms=1775427601560 | ist=2026-04-06 03:50:01.560000+05:30', 'client_device': 'eshu_s22 (device_eshu_s22)'}
[sync-debug] upsert_settings incoming {'user_id': 3, 'key': 'tts_enabled_user_3', 'value': '0', 'updated_at': 'ms=1775427634872 | ist=2026-04-06 03:50:34.872000+05:30', 'client_device': 'eshu_s22 (device_eshu_s22)'}
[sync-debug] upsert_settings stored row {'user_id': 3, 'key': 'tts_enabled_user_3', 'value': '0', 'updated_at': 'ms=1775427634872 | ist=2026-04-06 03:50:34.872000+05:30', 'sync_version': 1, 'client_device': 'eshu_s22 (device_eshu_s22)'}
[sync-debug] upsert_settings incoming {'user_id': 3, 'key': 'tts_enabled_user_3', 'value': '0', 'updated_at': 'ms=1775427634872 | ist=2026-04-06 03:50:34.872000+05:30', 'client_device': 'eshu_s22 (device_eshu_s22)'}
[sync-debug] upsert_settings skipped older row {'user_id': 3, 'key': 'tts_enabled_user_3', 'incoming_updated_at': 'ms=1775427634872 | ist=2026-04-06 03:50:34.872000+05:30', 'existing_updated_at': 'ms=1775427634872 | ist=2026-04-06 03:50:34.872000+05:30', 'client_device': 'eshu_s22 (device_eshu_s22)'}
[sync-debug] upsert_settings incoming {'user_id': 3, 'key': 'tts_enabled_user_3', 'value': '1', 'updated_at': 'ms=1775427601560 | ist=2026-04-06 03:50:01.560000+05:30', 'client_device': 'eshu_s22 (device_eshu_s22)'}
[sync-debug] upsert_settings skipped older row {'user_id': 3, 'key': 'tts_enabled_user_3', 'incoming_updated_at': 'ms=1775427601560 | ist=2026-04-06 03:50:01.560000+05:30', 'existing_updated_at': 'ms=1775427634872 | ist=2026-04-06 03:50:34.872000+05:30', 'client_device': 'eshu_s22 (device_eshu_s22)'}
[sync-debug] upsert_settings incoming {'user_id': 3, 'key': 'tts_enabled_user_3', 'value': '0', 'updated_at': 'ms=1775427634872 | ist=2026-04-06 03:50:34.872000+05:30', 'client_device': 'eshu_s22 (device_eshu_s22)'}
[sync-debug] upsert_settings skipped older row {'user_id': 3, 'key': 'tts_enabled_user_3', 'incoming_updated_at': 'ms=1775427634872 | ist=2026-04-06 03:50:34.872000+05:30', 'existing_updated_at': 'ms=1775427634872 | ist=2026-04-06 03:50:34.872000+05:30', 'client_device': 'eshu_s22 (device_eshu_s22)'}
[sync-debug] upsert_settings incoming {'user_id': 3, 'key': 'tts_enabled_user_3', 'value': '0', 'updated_at': 'ms=1775427634872 | ist=2026-04-06 03:50:34.872000+05:30', 'client_device': 'eshu_s22 (device_eshu_s22)'}
[sync-debug] upsert_settings skipped older row {'user_id': 3, 'key': 'tts_enabled_user_3', 'incoming_updated_at': 'ms=1775427634872 | ist=2026-04-06 03:50:34.872000+05:30', 'existing_updated_at': 'ms=1775427634872 | ist=2026-04-06 03:50:34.872000+05:30', 'client_device': 'eshu_s22 (device_eshu_s22)'}
[sync-debug] upsert_settings incoming {'user_id': 3, 'key': 'tts_enabled_user_3', 'value': '0', 'updated_at': 'ms=1775427634872 | ist=2026-04-06 03:50:34.872000+05:30', 'client_device': 'eshu_s22 (device_eshu_s22)'}
[sync-debug] upsert_settings skipped older row {'user_id': 3, 'key': 'tts_enabled_user_3', 'incoming_updated_at': 'ms=1775427634872 | ist=2026-04-06 03:50:34.872000+05:30', 'existing_updated_at': 'ms=1775427634872 | ist=2026-04-06 03:50:34.872000+05:30', 'client_device': 'eshu_s22 (device_eshu_s22)'}
[sync-debug] upsert_settings incoming {'user_id': 3, 'key': 'tts_enabled_user_3', 'value': '0', 'updated_at': 'ms=1775427634872 | ist=2026-04-06 03:50:34.872000+05:30', 'client_device': 'eshu_s22 (device_eshu_s22)'}
[sync-debug] upsert_settings skipped older row {'user_id': 3, 'key': 'tts_enabled_user_3', 'incoming_updated_at': 'ms=1775427634872 | ist=2026-04-06 03:50:34.872000+05:30', 'existing_updated_at': 'ms=1775427634872 | ist=2026-04-06 03:50:34.872000+05:30', 'client_device': 'eshu_s22 (device_eshu_s22)'}
[sync-debug] upsert_settings incoming {'user_id': 3, 'key': 'tts_enabled_user_3', 'value': '1', 'updated_at': 'ms=1775427671839 | ist=2026-04-06 03:51:11.839000+05:30', 'client_device': 'eshu_s22 (device_eshu_s22)'}
[sync-debug] upsert_settings stored row {'user_id': 3, 'key': 'tts_enabled_user_3', 'value': '1', 'updated_at': 'ms=1775427671839 | ist=2026-04-06 03:51:11.839000+05:30', 'sync_version': 1, 'client_device': 'eshu_s22 (device_eshu_s22)'}
[sync-debug] upsert_settings incoming {'user_id': 3, 'key': 'tts_enabled_user_3', 'value': '0', 'updated_at': 'ms=1775427679140 | ist=2026-04-06 03:51:19.140000+05:30', 'client_device': 'eshu_s22 (device_eshu_s22)'}
[sync-debug] upsert_settings stored row {'user_id': 3, 'key': 'tts_enabled_user_3', 'value': '0', 'updated_at': 'ms=1775427679140 | ist=2026-04-06 03:51:19.140000+05:30', 'sync_version': 1, 'client_device': 'eshu_s22 (device_eshu_s22)'}
[sync-debug] upsert_settings incoming {'user_id': 3, 'key': 'tts_enabled_user_3', 'value': '0', 'updated_at': 'ms=1775427634872 | ist=2026-04-06 03:50:34.872000+05:30', 'client_device': 'eshu_s22 (device_eshu_s22)'}
[sync-debug] upsert_settings skipped older row {'user_id': 3, 'key': 'tts_enabled_user_3', 'incoming_updated_at': 'ms=1775427634872 | ist=2026-04-06 03:50:34.872000+05:30', 'existing_updated_at': 'ms=1775427679140 | ist=2026-04-06 03:51:19.140000+05:30', 'client_device': 'eshu_s22 (device_eshu_s22)'}
[sync-debug] upsert_settings incoming {'user_id': 3, 'key': 'tts_enabled_user_3', 'value': '0', 'updated_at': 'ms=1775427679140 | ist=2026-04-06 03:51:19.140000+05:30', 'client_device': 'eshu_s22 (device_eshu_s22)'}
[sync-debug] upsert_settings skipped older row {'user_id': 3, 'key': 'tts_enabled_user_3', 'incoming_updated_at': 'ms=1775427679140 | ist=2026-04-06 03:51:19.140000+05:30', 'existing_updated_at': 'ms=1775427679140 | ist=2026-04-06 03:51:19.140000+05:30', 'client_device': 'eshu_s22 (device_eshu_s22)'}
[sync-debug] upsert_settings incoming {'user_id': 3, 'key': 'tts_enabled_user_3', 'value': '0', 'updated_at': 'ms=1775427679140 | ist=2026-04-06 03:51:19.140000+05:30', 'client_device': 'eshu_s22 (device_eshu_s22)'}
[sync-debug] upsert_settings skipped older row {'user_id': 3, 'key': 'tts_enabled_user_3', 'incoming_updated_at': 'ms=1775427679140 | ist=2026-04-06 03:51:19.140000+05:30', 'existing_updated_at': 'ms=1775427679140 | ist=2026-04-06 03:51:19.140000+05:30', 'client_device': 'eshu_s22 (device_eshu_s22)'}
[sync-debug] upsert_settings incoming {'user_id': 3, 'key': 'tts_enabled_user_3', 'value': '0', 'updated_at': 'ms=1775427679140 | ist=2026-04-06 03:51:19.140000+05:30', 'client_device': 'eshu_s22 (device_eshu_s22)'}
[sync-debug] upsert_settings skipped older row {'user_id': 3, 'key': 'tts_enabled_user_3', 'incoming_updated_at': 'ms=1775427679140 | ist=2026-04-06 03:51:19.140000+05:30', 'existing_updated_at': 'ms=1775427679140 | ist=2026-04-06 03:51:19.140000+05:30', 'client_device': 'eshu_s22 (device_eshu_s22)'}
[sync-debug] upsert_settings incoming {'user_id': 3, 'key': 'tts_enabled_user_3', 'value': '0', 'updated_at': 'ms=1775427679140 | ist=2026-04-06 03:51:19.140000+05:30', 'client_device': 'eshu_s22 (device_eshu_s22)'}
[sync-debug] upsert_settings skipped older row {'user_id': 3, 'key': 'tts_enabled_user_3', 'incoming_updated_at': 'ms=1775427679140 | ist=2026-04-06 03:51:19.140000+05:30', 'existing_updated_at': 'ms=1775427679140 | ist=2026-04-06 03:51:19.140000+05:30', 'client_device': 'eshu_s22 (device_eshu_s22)'}
[sync-debug] upsert_settings incoming {'user_id': 3, 'key': 'tts_enabled_user_3', 'value': '0', 'updated_at': 'ms=1775427679140 | ist=2026-04-06 03:51:19.140000+05:30', 'client_device': 'eshu_s22 (device_eshu_s22)'}
[sync-debug] upsert_settings skipped older row {'user_id': 3, 'key': 'tts_enabled_user_3', 'incoming_updated_at': 'ms=1775427679140 | ist=2026-04-06 03:51:19.140000+05:30', 'existing_updated_at': 'ms=1775427679140 | ist=2026-04-06 03:51:19.140000+05:30', 'client_device': 'eshu_s22 (device_eshu_s22)'}
[sync-debug] upsert_settings incoming {'user_id': 3, 'key': 'tts_enabled_user_3', 'value': '0', 'updated_at': 'ms=1775427679140 | ist=2026-04-06 03:51:19.140000+05:30', 'client_device': 'eshu_s22 (device_eshu_s22)'}
[sync-debug] upsert_settings skipped older row {'user_id': 3, 'key': 'tts_enabled_user_3', 'incoming_updated_at': 'ms=1775427679140 | ist=2026-04-06 03:51:19.140000+05:30', 'existing_updated_at': 'ms=1775427679140 | ist=2026-04-06 03:51:19.140000+05:30', 'client_device': 'eshu_s22 (device_eshu_s22)'}
[sync-debug] upsert_settings incoming {'user_id': 3, 'key': 'tts_enabled_user_3', 'value': '0', 'updated_at': 'ms=1775427679140 | ist=2026-04-06 03:51:19.140000+05:30', 'client_device': 'eshu_s22 (device_eshu_s22)'}
[sync-debug] upsert_settings skipped older row {'user_id': 3, 'key': 'tts_enabled_user_3', 'incoming_updated_at': 'ms=1775427679140 | ist=2026-04-06 03:51:19.140000+05:30', 'existing_updated_at': 'ms=1775427679140 | ist=2026-04-06 03:51:19.140000+05:30', 'client_device': 'eshu_s22 (device_eshu_s22)'}
[sync-debug] upsert_settings incoming {'user_id': 3, 'key': 'tts_enabled_user_3', 'value': '0', 'updated_at': 'ms=1775427679140 | ist=2026-04-06 03:51:19.140000+05:30', 'client_device': 'eshu_s22 (device_eshu_s22)'}
[sync-debug] upsert_settings skipped older row {'user_id': 3, 'key': 'tts_enabled_user_3', 'incoming_updated_at': 'ms=1775427679140 | ist=2026-04-06 03:51:19.140000+05:30', 'existing_updated_at': 'ms=1775427679140 | ist=2026-04-06 03:51:19.140000+05:30', 'client_device': 'eshu_s22 (device_eshu_s22)'}
[sync-debug] upsert_settings incoming {'user_id': 3, 'key': 'tts_enabled_user_3', 'value': '0', 'updated_at': 'ms=1775427679140 | ist=2026-04-06 03:51:19.140000+05:30', 'client_device': 'eshu_s22 (device_eshu_s22)'}
[sync-debug] upsert_settings skipped older row {'user_id': 3, 'key': 'tts_enabled_user_3', 'incoming_updated_at': 'ms=1775427679140 | ist=2026-04-06 03:51:19.140000+05:30', 'existing_updated_at': 'ms=1775427679140 | ist=2026-04-06 03:51:19.140000+05:30', 'client_device': 'eshu_s22 (device_eshu_s22)'}
[sync-debug] upsert_settings incoming {'user_id': 3, 'key': 'tts_enabled_user_3', 'value': '1', 'updated_at': 'ms=1775427821462 | ist=2026-04-06 03:53:41.462000+05:30', 'client_device': 'eshu_s22 (device_eshu_s22)'}
[sync-debug] upsert_settings stored row {'user_id': 3, 'key': 'tts_enabled_user_3', 'value': '1', 'updated_at': 'ms=1775427821462 | ist=2026-04-06 03:53:41.462000+05:30', 'sync_version': 1, 'client_device': 'eshu_s22 (device_eshu_s22)'}
[sync-debug] upsert_settings incoming {'user_id': 3, 'key': 'tts_enabled_user_3', 'value': '0', 'updated_at': 'ms=1775427679140 | ist=2026-04-06 03:51:19.140000+05:30', 'client_device': 'eshu_s22 (device_eshu_s22)'}
[sync-debug] upsert_settings skipped older row {'user_id': 3, 'key': 'tts_enabled_user_3', 'incoming_updated_at': 'ms=1775427679140 | ist=2026-04-06 03:51:19.140000+05:30', 'existing_updated_at': 'ms=1775427821462 | ist=2026-04-06 03:53:41.462000+05:30', 'client_device': 'eshu_s22 (device_eshu_s22)'}
[sync-debug] upsert_settings incoming {'user_id': 3, 'key': 'tts_enabled_user_3', 'value': '0', 'updated_at': 'ms=1775427679140 | ist=2026-04-06 03:51:19.140000+05:30', 'client_device': 'eshu_s22 (device_eshu_s22)'}
[sync-debug] upsert_settings skipped older row {'user_id': 3, 'key': 'tts_enabled_user_3', 'incoming_updated_at': 'ms=1775427679140 | ist=2026-04-06 03:51:19.140000+05:30', 'existing_updated_at': 'ms=1775427821462 | ist=2026-04-06 03:53:41.462000+05:30', 'client_device': 'eshu_s22 (device_eshu_s22)'}
[sync-debug] upsert_settings incoming {'user_id': 3, 'key': 'tts_enabled_user_3', 'value': '1', 'updated_at': 'ms=1775427821462 | ist=2026-04-06 03:53:41.462000+05:30', 'client_device': 'eshu_s22 (device_eshu_s22)'}
[sync-debug] upsert_settings skipped older row {'user_id': 3, 'key': 'tts_enabled_user_3', 'incoming_updated_at': 'ms=1775427821462 | ist=2026-04-06 03:53:41.462000+05:30', 'existing_updated_at': 'ms=1775427821462 | ist=2026-04-06 03:53:41.462000+05:30', 'client_device': 'eshu_s22 (device_eshu_s22)'}
[sync-debug] upsert_settings incoming {'user_id': 3, 'key': 'tts_enabled_user_3', 'value': '1', 'updated_at': 'ms=1775427821462 | ist=2026-04-06 03:53:41.462000+05:30', 'client_device': 'eshu_s22 (device_eshu_s22)'}
[sync-debug] upsert_settings skipped older row {'user_id': 3, 'key': 'tts_enabled_user_3', 'incoming_updated_at': 'ms=1775427821462 | ist=2026-04-06 03:53:41.462000+05:30', 'existing_updated_at': 'ms=1775427821462 | ist=2026-04-06 03:53:41.462000+05:30', 'client_device': 'eshu_s22 (device_eshu_s22)'}
[sync-debug] upsert_settings incoming {'user_id': 3, 'key': 'tts_enabled_user_3', 'value': '1', 'updated_at': 'ms=1775427821462 | ist=2026-04-06 03:53:41.462000+05:30', 'client_device': 'eshu_s22 (device_eshu_s22)'}
[sync-debug] upsert_settings skipped older row {'user_id': 3, 'key': 'tts_enabled_user_3', 'incoming_updated_at': 'ms=1775427821462 | ist=2026-04-06 03:53:41.462000+05:30', 'existing_updated_at': 'ms=1775427821462 | ist=2026-04-06 03:53:41.462000+05:30', 'client_device': 'eshu_s22 (device_eshu_s22)'}
[sync-debug] upsert_settings incoming {'user_id': 3, 'key': 'tts_enabled_user_3', 'value': '1', 'updated_at': 'ms=1775427821462 | ist=2026-04-06 03:53:41.462000+05:30', 'client_device': 'eshu_s22 (device_eshu_s22)'}
[sync-debug] upsert_settings skipped older row {'user_id': 3, 'key': 'tts_enabled_user_3', 'incoming_updated_at': 'ms=1775427821462 | ist=2026-04-06 03:53:41.462000+05:30', 'existing_updated_at': 'ms=1775427821462 | ist=2026-04-06 03:53:41.462000+05:30', 'client_device': 'eshu_s22 (device_eshu_s22)'}
[sync-debug] upsert_settings incoming {'user_id': 3, 'key': 'tts_enabled_user_3', 'value': '1', 'updated_at': 'ms=1775427821462 | ist=2026-04-06 03:53:41.462000+05:30', 'client_device': 'eshu_s22 (device_eshu_s22)'}
[sync-debug] upsert_settings skipped older row {'user_id': 3, 'key': 'tts_enabled_user_3', 'incoming_updated_at': 'ms=1775427821462 | ist=2026-04-06 03:53:41.462000+05:30', 'existing_updated_at': 'ms=1775427821462 | ist=2026-04-06 03:53:41.462000+05:30', 'client_device': 'eshu_s22 (device_eshu_s22)'}
[sync-debug] upsert_settings incoming {'user_id': 3, 'key': 'tts_enabled_user_3', 'value': '1', 'updated_at': 'ms=1775427821462 | ist=2026-04-06 03:53:41.462000+05:30', 'client_device': 'eshu_s22 (device_eshu_s22)'}
[sync-debug] upsert_settings skipped older row {'user_id': 3, 'key': 'tts_enabled_user_3', 'incoming_updated_at': 'ms=1775427821462 | ist=2026-04-06 03:53:41.462000+05:30', 'existing_updated_at': 'ms=1775427821462 | ist=2026-04-06 03:53:41.462000+05:30', 'client_device': 'eshu_s22 (device_eshu_s22)'}
[sync-debug] upsert_settings incoming {'user_id': 3, 'key': 'tts_enabled_user_3', 'value': '1', 'updated_at': 'ms=1775427821462 | ist=2026-04-06 03:53:41.462000+05:30', 'client_device': 'eshu_s22 (device_eshu_s22)'}
[sync-debug] upsert_settings skipped older row {'user_id': 3, 'key': 'tts_enabled_user_3', 'incoming_updated_at': 'ms=1775427821462 | ist=2026-04-06 03:53:41.462000+05:30', 'existing_updated_at': 'ms=1775427821462 | ist=2026-04-06 03:53:41.462000+05:30', 'client_device': 'eshu_s22 (device_eshu_s22)'}
[sync-debug] upsert_settings incoming {'user_id': 3, 'key': 'tts_enabled_user_3', 'value': '1', 'updated_at': 'ms=1775427821462 | ist=2026-04-06 03:53:41.462000+05:30', 'client_device': 'eshu_s22 (device_eshu_s22)'}
[sync-debug] upsert_settings skipped older row {'user_id': 3, 'key': 'tts_enabled_user_3', 'incoming_updated_at': 'ms=1775427821462 | ist=2026-04-06 03:53:41.462000+05:30', 'existing_updated_at': 'ms=1775427821462 | ist=2026-04-06 03:53:41.462000+05:30', 'client_device': 'eshu_s22 (device_eshu_s22)'}
[sync-debug] upsert_settings incoming {'user_id': 3, 'key': 'tts_enabled_user_3', 'value': '1', 'updated_at': 'ms=1775427821462 | ist=2026-04-06 03:53:41.462000+05:30', 'client_device': 'eshu_s22 (device_eshu_s22)'}
[sync-debug] upsert_settings skipped older row {'user_id': 3, 'key': 'tts_enabled_user_3', 'incoming_updated_at': 'ms=1775427821462 | ist=2026-04-06 03:53:41.462000+05:30', 'existing_updated_at': 'ms=1775427821462 | ist=2026-04-06 03:53:41.462000+05:30', 'client_device': 'eshu_s22 (device_eshu_s22)'}
[sync-debug] upsert_settings incoming {'user_id': 3, 'key': 'tts_enabled_user_3', 'value': '1', 'updated_at': 'ms=1775427821462 | ist=2026-04-06 03:53:41.462000+05:30', 'client_device': 'eshu_s22 (device_eshu_s22)'}
[sync-debug] upsert_settings skipped older row {'user_id': 3, 'key': 'tts_enabled_user_3', 'incoming_updated_at': 'ms=1775427821462 | ist=2026-04-06 03:53:41.462000+05:30', 'existing_updated_at': 'ms=1775427821462 | ist=2026-04-06 03:53:41.462000+05:30', 'client_device': 'eshu_s22 (device_eshu_s22)'}
[sync-debug] upsert_settings incoming {'user_id': 3, 'key': 'tts_enabled_user_3', 'value': '1', 'updated_at': 'ms=1775427821462 | ist=2026-04-06 03:53:41.462000+05:30', 'client_device': 'eshu_s22 (device_eshu_s22)'}
[sync-debug] upsert_settings skipped older row {'user_id': 3, 'key': 'tts_enabled_user_3', 'incoming_updated_at': 'ms=1775427821462 | ist=2026-04-06 03:53:41.462000+05:30', 'existing_updated_at': 'ms=1775427821462 | ist=2026-04-06 03:53:41.462000+05:30', 'client_device': 'eshu_s22 (device_eshu_s22)'}
[sync-debug] upsert_settings incoming {'user_id': 3, 'key': 'tts_enabled_user_3', 'value': '1', 'updated_at': 'ms=1775427821462 | ist=2026-04-06 03:53:41.462000+05:30', 'client_device': 'eshu_s22 (device_eshu_s22)'}
[sync-debug] upsert_settings skipped older row {'user_id': 3, 'key': 'tts_enabled_user_3', 'incoming_updated_at': 'ms=1775427821462 | ist=2026-04-06 03:53:41.462000+05:30', 'existing_updated_at': 'ms=1775427821462 | ist=2026-04-06 03:53:41.462000+05:30', 'client_device': 'eshu_s22 (device_eshu_s22)'}
[sync-debug] upsert_settings incoming {'user_id': 3, 'key': 'tts_enabled_user_3', 'value': '1', 'updated_at': 'ms=1775427821462 | utc=2026-04-05 22:23:41.462000+00:00 | ist=2026-04-06 03:53:41.462000+05:30', 'client_device': 'eshu_s22 (device_eshu_s22)'}
[sync-debug] upsert_settings skipped older row {'user_id': 3, 'key': 'tts_enabled_user_3', 'incoming_updated_at': 'ms=1775427821462 | utc=2026-04-05 22:23:41.462000+00:00 | ist=2026-04-06 03:53:41.462000+05:30', 'existing_updated_at': 'ms=1775427821462 | utc=2026-04-05 22:23:41.462000+00:00 | ist=2026-04-06 03:53:41.462000+05:30', 'client_device': 'eshu_s22 (device_eshu_s22)'}
[sync-debug] upsert_settings incoming {'user_id': 3, 'key': 'tts_enabled_user_3', 'value': '1', 'updated_at': 'ms=1775427821462 | utc=2026-04-05 22:23:41.462000+00:00 | ist=2026-04-06 03:53:41.462000+05:30', 'client_device': 'eshu_s22 (device_eshu_s22)'}
[sync-debug] upsert_settings skipped older row {'user_id': 3, 'key': 'tts_enabled_user_3', 'incoming_updated_at': 'ms=1775427821462 | utc=2026-04-05 22:23:41.462000+00:00 | ist=2026-04-06 03:53:41.462000+05:30', 'existing_updated_at': 'ms=1775427821462 | utc=2026-04-05 22:23:41.462000+00:00 | ist=2026-04-06 03:53:41.462000+05:30', 'client_device': 'eshu_s22 (device_eshu_s22)'}
[sync-debug] upsert_settings incoming {'user_id': 3, 'key': 'tts_enabled_user_3', 'value': '1', 'updated_at': 'ms=1775427821462 | utc=2026-04-05 22:23:41.462000+00:00 | ist=2026-04-06 03:53:41.462000+05:30', 'client_device': 'eshu_s22 (device_eshu_s22)'}
[sync-debug] upsert_settings skipped older row {'user_id': 3, 'key': 'tts_enabled_user_3', 'incoming_updated_at': 'ms=1775427821462 | utc=2026-04-05 22:23:41.462000+00:00 | ist=2026-04-06 03:53:41.462000+05:30', 'existing_updated_at': 'ms=1775427821462 | utc=2026-04-05 22:23:41.462000+00:00 | ist=2026-04-06 03:53:41.462000+05:30', 'client_device': 'eshu_s22 (device_eshu_s22)'}
[sync-debug] upsert_settings incoming {'user_id': 3, 'key': 'tts_enabled_user_3', 'value': '1', 'updated_at': 'ms=1775427821462 | utc=2026-04-05 22:23:41.462000+00:00 | ist=2026-04-06 03:53:41.462000+05:30', 'client_device': 'eshu_s22 (device_eshu_s22)'}
[sync-debug] upsert_settings skipped older row {'user_id': 3, 'key': 'tts_enabled_user_3', 'incoming_updated_at': 'ms=1775427821462 | utc=2026-04-05 22:23:41.462000+00:00 | ist=2026-04-06 03:53:41.462000+05:30', 'existing_updated_at': 'ms=1775427821462 | utc=2026-04-05 22:23:41.462000+00:00 | ist=2026-04-06 03:53:41.462000+05:30', 'client_device': 'eshu_s22 (device_eshu_s22)'}
[sync-debug] upsert_settings incoming {'user_id': 3, 'key': 'tts_enabled_user_3', 'value': '1', 'updated_at': 'ms=1775427821462 | utc=2026-04-05 22:23:41.462000+00:00 | ist=2026-04-06 03:53:41.462000+05:30', 'client_device': 'eshu_s22 (device_eshu_s22)'}
[sync-debug] upsert_settings skipped older row {'user_id': 3, 'key': 'tts_enabled_user_3', 'incoming_updated_at': 'ms=1775427821462 | utc=2026-04-05 22:23:41.462000+00:00 | ist=2026-04-06 03:53:41.462000+05:30', 'existing_updated_at': 'ms=1775427821462 | utc=2026-04-05 22:23:41.462000+00:00 | ist=2026-04-06 03:53:41.462000+05:30', 'client_device': 'eshu_s22 (device_eshu_s22)'}
[sync-debug] upsert_settings incoming {'user_id': 3, 'key': 'tts_enabled_user_3', 'value': '1', 'updated_at': 'ms=1775427821462 | utc=2026-04-05 22:23:41.462000+00:00 | ist=2026-04-06 03:53:41.462000+05:30', 'client_device': 'eshu_s22 (device_eshu_s22)'}
[sync-debug] upsert_settings skipped older row {'user_id': 3, 'key': 'tts_enabled_user_3', 'incoming_updated_at': 'ms=1775427821462 | utc=2026-04-05 22:23:41.462000+00:00 | ist=2026-04-06 03:53:41.462000+05:30', 'existing_updated_at': 'ms=1775427821462 | utc=2026-04-05 22:23:41.462000+00:00 | ist=2026-04-06 03:53:41.462000+05:30', 'client_device': 'eshu_s22 (device_eshu_s22)'}
[sync-debug] upsert_settings incoming {'user_id': 3, 'key': 'tts_enabled_user_3', 'value': '1', 'updated_at': 'ms=1775427821462 | utc=2026-04-05 22:23:41.462000+00:00 | ist=2026-04-06 03:53:41.462000+05:30', 'client_device': 'eshu_s22 (device_eshu_s22)'}
[sync-debug] upsert_settings skipped older row {'user_id': 3, 'key': 'tts_enabled_user_3', 'incoming_updated_at': 'ms=1775427821462 | utc=2026-04-05 22:23:41.462000+00:00 | ist=2026-04-06 03:53:41.462000+05:30', 'existing_updated_at': 'ms=1775427821462 | utc=2026-04-05 22:23:41.462000+00:00 | ist=2026-04-06 03:53:41.462000+05:30', 'client_device': 'eshu_s22 (device_eshu_s22)'}
[sync-debug] upsert_settings incoming {'user_id': 3, 'key': 'tts_enabled_user_3', 'value': '1', 'updated_at': 'ms=1775427821462 | utc=2026-04-05 22:23:41.462000+00:00 | ist=2026-04-06 03:53:41.462000+05:30', 'client_device': 'eshu_s22 (device_eshu_s22)'}
[sync-debug] upsert_settings skipped older row {'user_id': 3, 'key': 'tts_enabled_user_3', 'incoming_updated_at': 'ms=1775427821462 | utc=2026-04-05 22:23:41.462000+00:00 | ist=2026-04-06 03:53:41.462000+05:30', 'existing_updated_at': 'ms=1775427821462 | utc=2026-04-05 22:23:41.462000+00:00 | ist=2026-04-06 03:53:41.462000+05:30', 'client_device': 'eshu_s22 (device_eshu_s22)'}
[sync-debug] upsert_settings incoming {'user_id': 3, 'key': 'tts_enabled_user_3', 'value': '1', 'updated_at': 'ms=1775427821462 | utc=2026-04-05 22:23:41.462000+00:00 | ist=2026-04-06 03:53:41.462000+05:30', 'client_device': 'eshu_s22 (device_eshu_s22)'}
[sync-debug] upsert_settings skipped older row {'user_id': 3, 'key': 'tts_enabled_user_3', 'incoming_updated_at': 'ms=1775427821462 | utc=2026-04-05 22:23:41.462000+00:00 | ist=2026-04-06 03:53:41.462000+05:30', 'existing_updated_at': 'ms=1775427821462 | utc=2026-04-05 22:23:41.462000+00:00 | ist=2026-04-06 03:53:41.462000+05:30', 'client_device': 'eshu_s22 (device_eshu_s22)'}
[sync-debug] upsert_settings incoming {'user_id': 3, 'key': 'tts_enabled_user_3', 'value': '1', 'updated_at': 'ms=1775427821462 | ist=2026-04-06 03:53:41.462000+05:30', 'client_device': 'eshu_s22 (device_eshu_s22)'}
[sync-debug] upsert_settings skipped older row {'user_id': 3, 'key': 'tts_enabled_user_3', 'incoming_updated_at': 'ms=1775427821462 | ist=2026-04-06 03:53:41.462000+05:30', 'existing_updated_at': 'ms=1775427821462 | ist=2026-04-06 03:53:41.462000+05:30', 'client_device': 'eshu_s22 (device_eshu_s22)'}
[sync-debug] upsert_settings incoming {'user_id': 3, 'key': 'tts_enabled_user_3', 'value': '1', 'updated_at': 'ms=1775427821462 | ist=2026-04-06 03:53:41.462000+05:30', 'client_device': 'eshu_s22 (device_eshu_s22)'}
[sync-debug] upsert_settings skipped older row {'user_id': 3, 'key': 'tts_enabled_user_3', 'incoming_updated_at': 'ms=1775427821462 | ist=2026-04-06 03:53:41.462000+05:30', 'existing_updated_at': 'ms=1775427821462 | ist=2026-04-06 03:53:41.462000+05:30', 'client_device': 'eshu_s22 (device_eshu_s22)'}
[sync-debug] upsert_settings incoming {'user_id': 3, 'key': 'tts_enabled_user_3', 'value': '0', 'updated_at': 'ms=1775428336170 | ist=2026-04-06 04:02:16.170000+05:30', 'client_device': 'eshu_s22 (device_eshu_s22)'}
[sync-debug] upsert_settings stored row {'user_id': 3, 'key': 'tts_enabled_user_3', 'value': '0', 'updated_at': 'ms=1775428336170 | ist=2026-04-06 04:02:16.170000+05:30', 'sync_version': 1, 'client_device': 'eshu_s22 (device_eshu_s22)'}
[sync-debug] upsert_settings incoming {'user_id': 3, 'key': 'tts_enabled_user_3', 'value': '1', 'updated_at': 'ms=1775427821462 | ist=2026-04-06 03:53:41.462000+05:30', 'client_device': 'eshu_s22 (device_eshu_s22)'}
[sync-debug] upsert_settings skipped older row {'user_id': 3, 'key': 'tts_enabled_user_3', 'incoming_updated_at': 'ms=1775427821462 | ist=2026-04-06 03:53:41.462000+05:30', 'existing_updated_at': 'ms=1775428336170 | ist=2026-04-06 04:02:16.170000+05:30', 'client_device': 'eshu_s22 (device_eshu_s22)'}
[sync-debug] upsert_settings incoming {'user_id': 3, 'key': 'tts_enabled_user_3', 'value': '1', 'updated_at': 'ms=1775427821462 | ist=2026-04-06 03:53:41.462000+05:30', 'client_device': 'eshu_s22 (device_eshu_s22)'}
[sync-debug] upsert_settings skipped older row {'user_id': 3, 'key': 'tts_enabled_user_3', 'incoming_updated_at': 'ms=1775427821462 | ist=2026-04-06 03:53:41.462000+05:30', 'existing_updated_at': 'ms=1775428336170 | ist=2026-04-06 04:02:16.170000+05:30', 'client_device': 'eshu_s22 (device_eshu_s22)'}
[sync-debug] upsert_settings incoming {'user_id': 3, 'key': 'tts_enabled_user_3', 'value': '0', 'updated_at': 'ms=1775428336170 | ist=2026-04-06 04:02:16.170000+05:30', 'client_device': 'eshu_s22 (device_eshu_s22)'}
[sync-debug] upsert_settings skipped older row {'user_id': 3, 'key': 'tts_enabled_user_3', 'incoming_updated_at': 'ms=1775428336170 | ist=2026-04-06 04:02:16.170000+05:30', 'existing_updated_at': 'ms=1775428336170 | ist=2026-04-06 04:02:16.170000+05:30', 'client_device': 'eshu_s22 (device_eshu_s22)'}
[sync-debug] upsert_settings incoming {'user_id': 3, 'key': 'tts_enabled_user_3', 'value': '0', 'updated_at': 'ms=1775428336170 | ist=2026-04-06 04:02:16.170000+05:30', 'client_device': 'eshu_s22 (device_eshu_s22)'}
[sync-debug] upsert_settings skipped older row {'user_id': 3, 'key': 'tts_enabled_user_3', 'incoming_updated_at': 'ms=1775428336170 | ist=2026-04-06 04:02:16.170000+05:30', 'existing_updated_at': 'ms=1775428336170 | ist=2026-04-06 04:02:16.170000+05:30', 'client_device': 'eshu_s22 (device_eshu_s22)'}
[sync-debug] upsert_settings incoming {'user_id': 3, 'key': 'tts_enabled_user_3', 'value': '0', 'updated_at': 'ms=1775428336170 | ist=2026-04-06 04:02:16.170000+05:30', 'client_device': 'eshu_s22 (device_eshu_s22)'}
[sync-debug] upsert_settings skipped older row {'user_id': 3, 'key': 'tts_enabled_user_3', 'incoming_updated_at': 'ms=1775428336170 | ist=2026-04-06 04:02:16.170000+05:30', 'existing_updated_at': 'ms=1775428336170 | ist=2026-04-06 04:02:16.170000+05:30', 'client_device': 'eshu_s22 (device_eshu_s22)'}
[sync-debug] upsert_settings incoming {'user_id': 3, 'key': 'tts_enabled_user_3', 'value': '0', 'updated_at': 'ms=1775428336170 | ist=2026-04-06 04:02:16.170000+05:30', 'client_device': 'eshu_s22 (device_eshu_s22)'}
[sync-debug] upsert_settings skipped older row {'user_id': 3, 'key': 'tts_enabled_user_3', 'incoming_updated_at': 'ms=1775428336170 | ist=2026-04-06 04:02:16.170000+05:30', 'existing_updated_at': 'ms=1775428336170 | ist=2026-04-06 04:02:16.170000+05:30', 'client_device': 'eshu_s22 (device_eshu_s22)'}
[sync-debug] upsert_settings incoming {'user_id': 3, 'key': 'tts_enabled_user_3', 'value': '0', 'updated_at': 'ms=1775428336170 | ist=2026-04-06 04:02:16.170000+05:30', 'client_device': 'eshu_s22 (device_eshu_s22)'}
[sync-debug] upsert_settings skipped older row {'user_id': 3, 'key': 'tts_enabled_user_3', 'incoming_updated_at': 'ms=1775428336170 | ist=2026-04-06 04:02:16.170000+05:30', 'existing_updated_at': 'ms=1775428336170 | ist=2026-04-06 04:02:16.170000+05:30', 'client_device': 'eshu_s22 (device_eshu_s22)'}
[sync-debug] upsert_settings incoming {'user_id': 3, 'key': 'tts_enabled_user_3', 'value': '0', 'updated_at': 'ms=1775428336170 | ist=2026-04-06 04:02:16.170000+05:30', 'client_device': 'eshu_s22 (device_eshu_s22)'}
[sync-debug] upsert_settings skipped older row {'user_id': 3, 'key': 'tts_enabled_user_3', 'incoming_updated_at': 'ms=1775428336170 | ist=2026-04-06 04:02:16.170000+05:30', 'existing_updated_at': 'ms=1775428336170 | ist=2026-04-06 04:02:16.170000+05:30', 'client_device': 'eshu_s22 (device_eshu_s22)'}
[sync-debug] upsert_settings incoming {'user_id': 3, 'key': 'tts_enabled_user_3', 'value': '0', 'updated_at': 'ms=1775428336170 | ist=2026-04-06 04:02:16.170000+05:30', 'client_device': 'eshu_s22 (device_eshu_s22)'}
[sync-debug] upsert_settings skipped older row {'user_id': 3, 'key': 'tts_enabled_user_3', 'incoming_updated_at': 'ms=1775428336170 | ist=2026-04-06 04:02:16.170000+05:30', 'existing_updated_at': 'ms=1775428336170 | ist=2026-04-06 04:02:16.170000+05:30', 'client_device': 'eshu_s22 (device_eshu_s22)'}
[sync-debug] upsert_settings incoming {'user_id': 3, 'key': 'tts_enabled_user_3', 'value': '1', 'updated_at': 'ms=1775428376853 | ist=2026-04-06 04:02:56.853000+05:30', 'client_device': 'eshu_s22 (device_eshu_s22)'}
[sync-debug] upsert_settings stored row {'user_id': 3, 'key': 'tts_enabled_user_3', 'value': '1', 'updated_at': 'ms=1775428376853 | ist=2026-04-06 04:02:56.853000+05:30', 'sync_version': 1, 'client_device': 'eshu_s22 (device_eshu_s22)'}
[sync-debug] upsert_settings incoming {'user_id': 3, 'key': 'tts_enabled_user_3', 'value': '0', 'updated_at': 'ms=1775428336170 | ist=2026-04-06 04:02:16.170000+05:30', 'client_device': 'eshu_s22 (device_eshu_s22)'}
[sync-debug] upsert_settings skipped older row {'user_id': 3, 'key': 'tts_enabled_user_3', 'incoming_updated_at': 'ms=1775428336170 | ist=2026-04-06 04:02:16.170000+05:30', 'existing_updated_at': 'ms=1775428376853 | ist=2026-04-06 04:02:56.853000+05:30', 'client_device': 'eshu_s22 (device_eshu_s22)'}
[sync-debug] upsert_settings incoming {'user_id': 3, 'key': 'tts_enabled_user_3', 'value': '0', 'updated_at': 'ms=1775428336170 | ist=2026-04-06 04:02:16.170000+05:30', 'client_device': 'eshu_s22 (device_eshu_s22)'}
[sync-debug] upsert_settings skipped older row {'user_id': 3, 'key': 'tts_enabled_user_3', 'incoming_updated_at': 'ms=1775428336170 | ist=2026-04-06 04:02:16.170000+05:30', 'existing_updated_at': 'ms=1775428376853 | ist=2026-04-06 04:02:56.853000+05:30', 'client_device': 'eshu_s22 (device_eshu_s22)'}
[sync-debug] upsert_settings incoming {'user_id': 3, 'key': 'tts_enabled_user_3', 'value': '1', 'updated_at': 'ms=1775428376853 | ist=2026-04-06 04:02:56.853000+05:30', 'client_device': 'eshu_s22 (device_eshu_s22)'}
[sync-debug] upsert_settings skipped older row {'user_id': 3, 'key': 'tts_enabled_user_3', 'incoming_updated_at': 'ms=1775428376853 | ist=2026-04-06 04:02:56.853000+05:30', 'existing_updated_at': 'ms=1775428376853 | ist=2026-04-06 04:02:56.853000+05:30', 'client_device': 'eshu_s22 (device_eshu_s22)'}
[sync-debug] upsert_settings incoming {'user_id': 3, 'key': 'tts_enabled_user_3', 'value': '1', 'updated_at': 'ms=1775428376853 | ist=2026-04-06 04:02:56.853000+05:30', 'client_device': 'eshu_s22 (device_eshu_s22)'}
[sync-debug] upsert_settings skipped older row {'user_id': 3, 'key': 'tts_enabled_user_3', 'incoming_updated_at': 'ms=1775428376853 | ist=2026-04-06 04:02:56.853000+05:30', 'existing_updated_at': 'ms=1775428376853 | ist=2026-04-06 04:02:56.853000+05:30', 'client_device': 'eshu_s22 (device_eshu_s22)'}
[sync-debug] upsert_settings incoming {'user_id': 3, 'key': 'tts_enabled_user_3', 'value': '1', 'updated_at': 'ms=1775428376853 | ist=2026-04-06 04:02:56.853000+05:30', 'client_device': 'eshu_s22 (device_eshu_s22)'}
[sync-debug] upsert_settings skipped older row {'user_id': 3, 'key': 'tts_enabled_user_3', 'incoming_updated_at': 'ms=1775428376853 | ist=2026-04-06 04:02:56.853000+05:30', 'existing_updated_at': 'ms=1775428376853 | ist=2026-04-06 04:02:56.853000+05:30', 'client_device': 'eshu_s22 (device_eshu_s22)'}
[sync-debug] upsert_settings incoming {'user_id': 3, 'key': 'tts_enabled_user_3', 'value': '1', 'updated_at': 'ms=1775428376853 | ist=2026-04-06 04:02:56.853000+05:30', 'client_device': 'eshu_s22 (device_eshu_s22)'}
[sync-debug] upsert_settings skipped older row {'user_id': 3, 'key': 'tts_enabled_user_3', 'incoming_updated_at': 'ms=1775428376853 | ist=2026-04-06 04:02:56.853000+05:30', 'existing_updated_at': 'ms=1775428376853 | ist=2026-04-06 04:02:56.853000+05:30', 'client_device': 'eshu_s22 (device_eshu_s22)'}
[sync-debug] upsert_settings incoming {'user_id': 3, 'key': 'tts_enabled_user_3', 'value': '1', 'updated_at': 'ms=1775428376853 | ist=2026-04-06 04:02:56.853000+05:30', 'client_device': 'eshu_s22 (device_eshu_s22)'}
[sync-debug] upsert_settings skipped older row {'user_id': 3, 'key': 'tts_enabled_user_3', 'incoming_updated_at': 'ms=1775428376853 | ist=2026-04-06 04:02:56.853000+05:30', 'existing_updated_at': 'ms=1775428376853 | ist=2026-04-06 04:02:56.853000+05:30', 'client_device': 'eshu_s22 (device_eshu_s22)'}
[sync-debug] upsert_settings incoming {'user_id': 3, 'key': 'tts_enabled_user_3', 'value': '1', 'updated_at': 'ms=1775428376853 | ist=2026-04-06 04:02:56.853000+05:30', 'client_device': 'eshu_s22 (device_eshu_s22)'}
[sync-debug] upsert_settings skipped older row {'user_id': 3, 'key': 'tts_enabled_user_3', 'incoming_updated_at': 'ms=1775428376853 | ist=2026-04-06 04:02:56.853000+05:30', 'existing_updated_at': 'ms=1775428376853 | ist=2026-04-06 04:02:56.853000+05:30', 'client_device': 'eshu_s22 (device_eshu_s22)'}
[sync-debug] upsert_settings incoming {'user_id': 3, 'key': 'tts_enabled_user_3', 'value': '1', 'updated_at': 'ms=1775428376853 | ist=2026-04-06 04:02:56.853000+05:30', 'client_device': 'eshu_s22 (device_eshu_s22)'}
[sync-debug] upsert_settings skipped older row {'user_id': 3, 'key': 'tts_enabled_user_3', 'incoming_updated_at': 'ms=1775428376853 | ist=2026-04-06 04:02:56.853000+05:30', 'existing_updated_at': 'ms=1775428376853 | ist=2026-04-06 04:02:56.853000+05:30', 'client_device': 'eshu_s22 (device_eshu_s22)'}
[sync-debug] upsert_settings incoming {'user_id': 3, 'key': 'tts_enabled_user_3', 'value': '1', 'updated_at': 'ms=1775428376853 | ist=2026-04-06 04:02:56.853000+05:30', 'client_device': 'eshu_s22 (device_eshu_s22)'}
[sync-debug] upsert_settings skipped older row {'user_id': 3, 'key': 'tts_enabled_user_3', 'incoming_updated_at': 'ms=1775428376853 | ist=2026-04-06 04:02:56.853000+05:30', 'existing_updated_at': 'ms=1775428376853 | ist=2026-04-06 04:02:56.853000+05:30', 'client_device': 'eshu_s22 (device_eshu_s22)'}
[sync-debug] upsert_settings incoming {'user_id': 3, 'key': 'tts_enabled_user_3', 'value': '1', 'updated_at': 'ms=1775428376853 | ist=2026-04-06 04:02:56.853000+05:30', 'client_device': 'eshu_s22 (device_eshu_s22)'}
[sync-debug] upsert_settings skipped older row {'user_id': 3, 'key': 'tts_enabled_user_3', 'incoming_updated_at': 'ms=1775428376853 | ist=2026-04-06 04:02:56.853000+05:30', 'existing_updated_at': 'ms=1775428376853 | ist=2026-04-06 04:02:56.853000+05:30', 'client_device': 'eshu_s22 (device_eshu_s22)'}
[sync-debug] upsert_settings incoming {'user_id': 3, 'key': 'tts_enabled_user_3', 'value': '1', 'updated_at': 'ms=1775428376853 | ist=2026-04-06 04:02:56.853000+05:30', 'client_device': 'eshu_s22 (device_eshu_s22)'}
[sync-debug] upsert_settings skipped older row {'user_id': 3, 'key': 'tts_enabled_user_3', 'incoming_updated_at': 'ms=1775428376853 | ist=2026-04-06 04:02:56.853000+05:30', 'existing_updated_at': 'ms=1775428376853 | ist=2026-04-06 04:02:56.853000+05:30', 'client_device': 'eshu_s22 (device_eshu_s22)'}
[sync-debug] upsert_settings incoming {'user_id': 3, 'key': 'tts_enabled_user_3', 'value': '1', 'updated_at': 'ms=1775428376853 | ist=2026-04-06 04:02:56.853000+05:30', 'client_device': 'eshu_s22 (device_eshu_s22)'}
[sync-debug] upsert_settings skipped older row {'user_id': 3, 'key': 'tts_enabled_user_3', 'incoming_updated_at': 'ms=1775428376853 | ist=2026-04-06 04:02:56.853000+05:30', 'existing_updated_at': 'ms=1775428376853 | ist=2026-04-06 04:02:56.853000+05:30', 'client_device': 'eshu_s22 (device_eshu_s22)'}
[sync-debug] upsert_settings incoming {'user_id': 3, 'key': 'tts_enabled_user_3', 'value': '1', 'updated_at': 'ms=1775428376853 | ist=2026-04-06 04:02:56.853000+05:30', 'client_device': 'eshu_s22 (device_eshu_s22)'}
[sync-debug] upsert_settings skipped older row {'user_id': 3, 'key': 'tts_enabled_user_3', 'incoming_updated_at': 'ms=1775428376853 | ist=2026-04-06 04:02:56.853000+05:30', 'existing_updated_at': 'ms=1775428376853 | ist=2026-04-06 04:02:56.853000+05:30', 'client_device': 'eshu_s22 (device_eshu_s22)'}
[sync-debug] upsert_settings incoming {'user_id': 3, 'key': 'tts_enabled_user_3', 'value': '1', 'updated_at': 'ms=1775428376853 | ist=2026-04-06 04:02:56.853000+05:30', 'client_device': 'eshu_s22 (device_eshu_s22)'}
[sync-debug] upsert_settings skipped older row {'user_id': 3, 'key': 'tts_enabled_user_3', 'incoming_updated_at': 'ms=1775428376853 | ist=2026-04-06 04:02:56.853000+05:30', 'existing_updated_at': 'ms=1775428376853 | ist=2026-04-06 04:02:56.853000+05:30', 'client_device': 'eshu_s22 (device_eshu_s22)'}
[sync-debug] upsert_settings incoming {'user_id': 3, 'key': 'tts_enabled_user_3', 'value': '1', 'updated_at': 'ms=1775428376853 | ist=2026-04-06 04:02:56.853000+05:30', 'client_device': 'eshu_s22 (device_eshu_s22)'}
[sync-debug] upsert_settings skipped older row {'user_id': 3, 'key': 'tts_enabled_user_3', 'incoming_updated_at': 'ms=1775428376853 | ist=2026-04-06 04:02:56.853000+05:30', 'existing_updated_at': 'ms=1775428376853 | ist=2026-04-06 04:02:56.853000+05:30', 'client_device': 'eshu_s22 (device_eshu_s22)'}
[sync-debug] upsert_settings incoming {'user_id': 3, 'key': 'tts_enabled_user_3', 'value': '1', 'updated_at': 'ms=1775428376853 | ist=2026-04-06 04:02:56.853000+05:30', 'client_device': 'eshu_s22 (device_eshu_s22)'}
[sync-debug] upsert_settings skipped older row {'user_id': 3, 'key': 'tts_enabled_user_3', 'incoming_updated_at': 'ms=1775428376853 | ist=2026-04-06 04:02:56.853000+05:30', 'existing_updated_at': 'ms=1775428376853 | ist=2026-04-06 04:02:56.853000+05:30', 'client_device': 'eshu_s22 (device_eshu_s22)'}
[sync-debug] upsert_settings incoming {'user_id': 3, 'key': 'tts_enabled_user_3', 'value': '1', 'updated_at': 'ms=1775428376853 | ist=2026-04-06 04:02:56.853000+05:30', 'client_device': 'eshu_s22 (device_eshu_s22)'}
[sync-debug] upsert_settings skipped older row {'user_id': 3, 'key': 'tts_enabled_user_3', 'incoming_updated_at': 'ms=1775428376853 | ist=2026-04-06 04:02:56.853000+05:30', 'existing_updated_at': 'ms=1775428376853 | ist=2026-04-06 04:02:56.853000+05:30', 'client_device': 'eshu_s22 (device_eshu_s22)'}
[sync-debug] upsert_settings incoming {'user_id': 3, 'key': 'tts_enabled_user_3', 'value': '1', 'updated_at': 'ms=1775428376853 | ist=2026-04-06 04:02:56.853000+05:30', 'client_device': 'eshu_s22 (device_eshu_s22)'}
[sync-debug] upsert_settings skipped older row {'user_id': 3, 'key': 'tts_enabled_user_3', 'incoming_updated_at': 'ms=1775428376853 | ist=2026-04-06 04:02:56.853000+05:30', 'existing_updated_at': 'ms=1775428376853 | ist=2026-04-06 04:02:56.853000+05:30', 'client_device': 'eshu_s22 (device_eshu_s22)'}
[sync-debug] upsert_settings incoming {'user_id': 3, 'key': 'tts_enabled_user_3', 'value': '1', 'updated_at': 'ms=1775428376853 | ist=2026-04-06 04:02:56.853000+05:30', 'client_device': 'eshu_s22 (device_eshu_s22)'}
[sync-debug] upsert_settings skipped older row {'user_id': 3, 'key': 'tts_enabled_user_3', 'incoming_updated_at': 'ms=1775428376853 | ist=2026-04-06 04:02:56.853000+05:30', 'existing_updated_at': 'ms=1775428376853 | ist=2026-04-06 04:02:56.853000+05:30', 'client_device': 'eshu_s22 (device_eshu_s22)'}
[sync-debug] upsert_settings incoming {'user_id': 3, 'key': 'tts_enabled_user_3', 'value': '1', 'updated_at': 'ms=1775428376853 | ist=2026-04-06 04:02:56.853000+05:30', 'client_device': 'eshu_s22 (device_eshu_s22)'}
[sync-debug] upsert_settings skipped older row {'user_id': 3, 'key': 'tts_enabled_user_3', 'incoming_updated_at': 'ms=1775428376853 | ist=2026-04-06 04:02:56.853000+05:30', 'existing_updated_at': 'ms=1775428376853 | ist=2026-04-06 04:02:56.853000+05:30', 'client_device': 'eshu_s22 (device_eshu_s22)'}
[sync-debug] upsert_settings incoming {'user_id': 3, 'key': 'tts_enabled_user_3', 'value': '1', 'updated_at': 'ms=1775428376853 | ist=2026-04-06 04:02:56.853000+05:30', 'client_device': 'eshu_s22 (device_eshu_s22)'}
[sync-debug] upsert_settings skipped older row {'user_id': 3, 'key': 'tts_enabled_user_3', 'incoming_updated_at': 'ms=1775428376853 | ist=2026-04-06 04:02:56.853000+05:30', 'existing_updated_at': 'ms=1775428376853 | ist=2026-04-06 04:02:56.853000+05:30', 'client_device': 'eshu_s22 (device_eshu_s22)'}
[sync-debug] upsert_settings incoming {'user_id': 3, 'key': 'tts_enabled_user_3', 'value': '1', 'updated_at': 'ms=1775428376853 | ist=2026-04-06 04:02:56.853000+05:30', 'client_device': 'eshu_s22 (device_eshu_s22)'}
[sync-debug] upsert_settings skipped older row {'user_id': 3, 'key': 'tts_enabled_user_3', 'incoming_updated_at': 'ms=1775428376853 | ist=2026-04-06 04:02:56.853000+05:30', 'existing_updated_at': 'ms=1775428376853 | ist=2026-04-06 04:02:56.853000+05:30', 'client_device': 'eshu_s22 (device_eshu_s22)'}
[sync-debug] upsert_settings incoming {'user_id': 3, 'key': 'tts_enabled_user_3', 'value': '1', 'updated_at': 'ms=1775428376853 | ist=2026-04-06 04:02:56.853000+05:30', 'client_device': 'eshu_s22 (device_eshu_s22)'}
[sync-debug] upsert_settings skipped older row {'user_id': 3, 'key': 'tts_enabled_user_3', 'incoming_updated_at': 'ms=1775428376853 | ist=2026-04-06 04:02:56.853000+05:30', 'existing_updated_at': 'ms=1775428376853 | ist=2026-04-06 04:02:56.853000+05:30', 'client_device': 'eshu_s22 (device_eshu_s22)'}
[sync-debug] upsert_settings incoming {'user_id': 3, 'key': 'tts_enabled_user_3', 'value': '1', 'updated_at': 'ms=1775428376853 | ist=2026-04-06 04:02:56.853000+05:30', 'client_device': 'eshu_s22 (device_eshu_s22)'}
[sync-debug] upsert_settings skipped older row {'user_id': 3, 'key': 'tts_enabled_user_3', 'incoming_updated_at': 'ms=1775428376853 | ist=2026-04-06 04:02:56.853000+05:30', 'existing_updated_at': 'ms=1775428376853 | ist=2026-04-06 04:02:56.853000+05:30', 'client_device': 'eshu_s22 (device_eshu_s22)'}
[sync-debug] upsert_settings incoming {'user_id': 3, 'key': 'tts_enabled_user_3', 'value': '1', 'updated_at': 'ms=1775428376853 | ist=2026-04-06 04:02:56.853000+05:30', 'client_device': 'eshu_s22 (device_eshu_s22)'}
[sync-debug] upsert_settings skipped older row {'user_id': 3, 'key': 'tts_enabled_user_3', 'incoming_updated_at': 'ms=1775428376853 | ist=2026-04-06 04:02:56.853000+05:30', 'existing_updated_at': 'ms=1775428376853 | ist=2026-04-06 04:02:56.853000+05:30', 'client_device': 'eshu_s22 (device_eshu_s22)'}
[sync-debug] upsert_settings incoming {'user_id': 3, 'key': 'tts_enabled_user_3', 'value': '1', 'updated_at': 'ms=1775428376853 | ist=2026-04-06 04:02:56.853000+05:30', 'client_device': 'eshu_s22 (device_eshu_s22)'}
[sync-debug] upsert_settings skipped older row {'user_id': 3, 'key': 'tts_enabled_user_3', 'incoming_updated_at': 'ms=1775428376853 | ist=2026-04-06 04:02:56.853000+05:30', 'existing_updated_at': 'ms=1775428376853 | ist=2026-04-06 04:02:56.853000+05:30', 'client_device': 'eshu_s22 (device_eshu_s22)'}
[sync-debug] upsert_settings incoming {'user_id': 3, 'key': 'tts_enabled_user_3', 'value': '1', 'updated_at': 'ms=1775428376853 | ist=2026-04-06 04:02:56.853000+05:30', 'client_device': 'eshu_s22 (device_eshu_s22)'}
[sync-debug] upsert_settings skipped older row {'user_id': 3, 'key': 'tts_enabled_user_3', 'incoming_updated_at': 'ms=1775428376853 | ist=2026-04-06 04:02:56.853000+05:30', 'existing_updated_at': 'ms=1775428376853 | ist=2026-04-06 04:02:56.853000+05:30', 'client_device': 'eshu_s22 (device_eshu_s22)'}
[sync-debug] upsert_settings incoming {'user_id': 3, 'key': 'tts_enabled_user_3', 'value': '1', 'updated_at': 'ms=1775428376853 | ist=2026-04-06 04:02:56.853000+05:30', 'client_device': 'eshu_s22 (device_eshu_s22)'}
[sync-debug] upsert_settings skipped older row {'user_id': 3, 'key': 'tts_enabled_user_3', 'incoming_updated_at': 'ms=1775428376853 | ist=2026-04-06 04:02:56.853000+05:30', 'existing_updated_at': 'ms=1775428376853 | ist=2026-04-06 04:02:56.853000+05:30', 'client_device': 'eshu_s22 (device_eshu_s22)'}
[sync-debug] upsert_settings incoming {'user_id': 3, 'key': 'tts_enabled_user_3', 'value': '1', 'updated_at': 'ms=1775428376853 | ist=2026-04-06 04:02:56.853000+05:30', 'client_device': 'eshu_s22 (device_eshu_s22)'}
[sync-debug] upsert_settings skipped older row {'user_id': 3, 'key': 'tts_enabled_user_3', 'incoming_updated_at': 'ms=1775428376853 | ist=2026-04-06 04:02:56.853000+05:30', 'existing_updated_at': 'ms=1775428376853 | ist=2026-04-06 04:02:56.853000+05:30', 'client_device': 'eshu_s22 (device_eshu_s22)'}
[sync-debug] upsert_settings incoming {'user_id': 3, 'key': 'tts_enabled_user_3', 'value': '1', 'updated_at': 'ms=1775428376853 | ist=2026-04-06 04:02:56.853000+05:30', 'client_device': 'eshu_s22 (device_eshu_s22)'}
[sync-debug] upsert_settings skipped older row {'user_id': 3, 'key': 'tts_enabled_user_3', 'incoming_updated_at': 'ms=1775428376853 | ist=2026-04-06 04:02:56.853000+05:30', 'existing_updated_at': 'ms=1775428376853 | ist=2026-04-06 04:02:56.853000+05:30', 'client_device': 'eshu_s22 (device_eshu_s22)'}
[sync-debug] upsert_settings incoming {'user_id': 3, 'key': 'tts_enabled_user_3', 'value': '1', 'updated_at': 'ms=1775428376853 | ist=2026-04-06 04:02:56.853000+05:30', 'client_device': 'eshu_s22 (device_eshu_s22)'}
[sync-debug] upsert_settings skipped older row {'user_id': 3, 'key': 'tts_enabled_user_3', 'incoming_updated_at': 'ms=1775428376853 | ist=2026-04-06 04:02:56.853000+05:30', 'existing_updated_at': 'ms=1775428376853 | ist=2026-04-06 04:02:56.853000+05:30', 'client_device': 'eshu_s22 (device_eshu_s22)'}
[sync-debug] upsert_settings incoming {'user_id': 3, 'key': 'tts_enabled_user_3', 'value': '1', 'updated_at': 'ms=1775428376853 | ist=2026-04-06 04:02:56.853000+05:30', 'client_device': 'eshu_s22 (device_eshu_s22)'}
[sync-debug] upsert_settings skipped older row {'user_id': 3, 'key': 'tts_enabled_user_3', 'incoming_updated_at': 'ms=1775428376853 | ist=2026-04-06 04:02:56.853000+05:30', 'existing_updated_at': 'ms=1775428376853 | ist=2026-04-06 04:02:56.853000+05:30', 'client_device': 'eshu_s22 (device_eshu_s22)'}
[sync-debug] upsert_settings incoming {'user_id': 3, 'key': 'tts_enabled_user_3', 'value': '1', 'updated_at': 'ms=1775428376853 | ist=2026-04-06 04:02:56.853000+05:30', 'client_device': 'eshu_s22 (device_eshu_s22)'}
[sync-debug] upsert_settings skipped older row {'user_id': 3, 'key': 'tts_enabled_user_3', 'incoming_updated_at': 'ms=1775428376853 | ist=2026-04-06 04:02:56.853000+05:30', 'existing_updated_at': 'ms=1775428376853 | ist=2026-04-06 04:02:56.853000+05:30', 'client_device': 'eshu_s22 (device_eshu_s22)'}
[sync-debug] upsert_settings incoming {'user_id': 3, 'key': 'tts_enabled_user_3', 'value': '1', 'updated_at': 'ms=1775428376853 | ist=2026-04-06 04:02:56.853000+05:30', 'client_device': 'eshu_s22 (device_eshu_s22)'}
[sync-debug] upsert_settings skipped older row {'user_id': 3, 'key': 'tts_enabled_user_3', 'incoming_updated_at': 'ms=1775428376853 | ist=2026-04-06 04:02:56.853000+05:30', 'existing_updated_at': 'ms=1775428376853 | ist=2026-04-06 04:02:56.853000+05:30', 'client_device': 'eshu_s22 (device_eshu_s22)'}
